{
  "RSpec": {
    "coverage": {
      "/home/dauntless-callee-7101/tic-tac-toe-rb-london-whitehat-1908/lib/tic_tac_toe.rb": [
        null,
        1,
        null,
        null,
        null,
        null,
        null,
        null,
        null,
        null,
        null,
        1,
        16,
        111,
        111,
        111,
        111,
        111,
        111,
        111,
        9,
        null,
        102,
        null,
        null,
        7,
        null,
        null,
        1,
        6,
        40,
        2,
        null,
        null,
        null,
        4,
        null,
        null,
        1,
        8,
        null,
        null,
        1,
        3,
        2,
        null,
        null,
        null,
        1,
        3,
        2,
        null,
        null,
        null,
        1,
        8,
        8,
        8,
        8,
        8,
        null,
        1,
        null,
        1,
        6,
        2,
        null,
        4,
        null,
        null,
        null,
        1,
        8,
        4,
        null,
        4,
        null,
        null,
        null,
        1,
        0,
        null,
        null,
        1,
        3,
        3,
        27,
        5,
        null,
        null,
        3,
        null,
        null,
        1,
        2,
        null,
        null,
        1,
        6,
        null,
        null,
        1,
        4,
        null,
        null,
        1,
        3,
        3,
        3,
        3,
        1,
        1,
        null,
        3,
        null,
        null,
        null
      ]
    },
    "timestamp": 1565598398
  }
}
